{"C:\\Users\\Aji\\Documents\\ITV Technical\\ITV Hubbedin\\birthday-reminder-service\\src\\app.js": {"path":"C:\\Users\\Aji\\Documents\\ITV Technical\\ITV Hubbedin\\birthday-reminder-service\\src\\app.js","statementMap":{"0":{"start":{"line":5,"column":0},"end":{"line":5,"column":16}},"1":{"start":{"line":7,"column":12},"end":{"line":7,"column":21}},"2":{"start":{"line":10,"column":0},"end":{"line":10,"column":24}},"3":{"start":{"line":13,"column":0},"end":{"line":13,"column":30}}},"fnMap":{},"branchMap":{},"s":{"0":1,"1":1,"2":1,"3":1},"f":{},"b":{},"inputSourceMap":null,"_coverageSchema":"1a1c01bbd47fc00a2c39e90264f33305004495a9","hash":"f27729237f266c7ea29f530478adee12a4220787"}
,"C:\\Users\\Aji\\Documents\\ITV Technical\\ITV Hubbedin\\birthday-reminder-service\\src\\controllers\\user.controller.js": {"path":"C:\\Users\\Aji\\Documents\\ITV Technical\\ITV Hubbedin\\birthday-reminder-service\\src\\controllers\\user.controller.js","statementMap":{"0":{"start":{"line":4,"column":26},"end":{"line":16,"column":1}},"1":{"start":{"line":5,"column":17},"end":{"line":5,"column":44}},"2":{"start":{"line":6,"column":2},"end":{"line":8,"column":3}},"3":{"start":{"line":7,"column":4},"end":{"line":7,"column":44}},"4":{"start":{"line":10,"column":2},"end":{"line":15,"column":3}},"5":{"start":{"line":11,"column":17},"end":{"line":11,"column":44}},"6":{"start":{"line":12,"column":4},"end":{"line":12,"column":31}},"7":{"start":{"line":14,"column":4},"end":{"line":14,"column":49}},"8":{"start":{"line":19,"column":23},"end":{"line":27,"column":1}},"9":{"start":{"line":20,"column":2},"end":{"line":26,"column":3}},"10":{"start":{"line":21,"column":17},"end":{"line":21,"column":51}},"11":{"start":{"line":22,"column":4},"end":{"line":22,"column":72}},"12":{"start":{"line":22,"column":15},"end":{"line":22,"column":72}},"13":{"start":{"line":23,"column":4},"end":{"line":23,"column":19}},"14":{"start":{"line":25,"column":4},"end":{"line":25,"column":49}},"15":{"start":{"line":29,"column":27},"end":{"line":36,"column":1}},"16":{"start":{"line":30,"column":2},"end":{"line":35,"column":3}},"17":{"start":{"line":31,"column":18},"end":{"line":31,"column":35}},"18":{"start":{"line":32,"column":4},"end":{"line":32,"column":20}},"19":{"start":{"line":34,"column":4},"end":{"line":34,"column":49}},"20":{"start":{"line":38,"column":26},"end":{"line":51,"column":1}},"21":{"start":{"line":39,"column":17},"end":{"line":39,"column":45}},"22":{"start":{"line":40,"column":2},"end":{"line":42,"column":3}},"23":{"start":{"line":41,"column":4},"end":{"line":41,"column":44}},"24":{"start":{"line":44,"column":2},"end":{"line":50,"column":3}},"25":{"start":{"line":45,"column":17},"end":{"line":45,"column":85}},"26":{"start":{"line":46,"column":4},"end":{"line":46,"column":72}},"27":{"start":{"line":46,"column":15},"end":{"line":46,"column":72}},"28":{"start":{"line":47,"column":4},"end":{"line":47,"column":19}},"29":{"start":{"line":49,"column":4},"end":{"line":49,"column":49}},"30":{"start":{"line":53,"column":26},"end":{"line":61,"column":1}},"31":{"start":{"line":54,"column":2},"end":{"line":60,"column":3}},"32":{"start":{"line":55,"column":17},"end":{"line":55,"column":60}},"33":{"start":{"line":56,"column":4},"end":{"line":56,"column":72}},"34":{"start":{"line":56,"column":15},"end":{"line":56,"column":72}},"35":{"start":{"line":57,"column":4},"end":{"line":57,"column":42}},"36":{"start":{"line":59,"column":4},"end":{"line":59,"column":49}}},"fnMap":{"0":{"name":"(anonymous_0)","decl":{"start":{"line":4,"column":26},"end":{"line":4,"column":27}},"loc":{"start":{"line":4,"column":46},"end":{"line":16,"column":1}},"line":4},"1":{"name":"(anonymous_1)","decl":{"start":{"line":19,"column":23},"end":{"line":19,"column":24}},"loc":{"start":{"line":19,"column":43},"end":{"line":27,"column":1}},"line":19},"2":{"name":"(anonymous_2)","decl":{"start":{"line":29,"column":27},"end":{"line":29,"column":28}},"loc":{"start":{"line":29,"column":47},"end":{"line":36,"column":1}},"line":29},"3":{"name":"(anonymous_3)","decl":{"start":{"line":38,"column":26},"end":{"line":38,"column":27}},"loc":{"start":{"line":38,"column":46},"end":{"line":51,"column":1}},"line":38},"4":{"name":"(anonymous_4)","decl":{"start":{"line":53,"column":26},"end":{"line":53,"column":27}},"loc":{"start":{"line":53,"column":46},"end":{"line":61,"column":1}},"line":53}},"branchMap":{"0":{"loc":{"start":{"line":6,"column":2},"end":{"line":8,"column":3}},"type":"if","locations":[{"start":{"line":6,"column":2},"end":{"line":8,"column":3}},{"start":{},"end":{}}],"line":6},"1":{"loc":{"start":{"line":22,"column":4},"end":{"line":22,"column":72}},"type":"if","locations":[{"start":{"line":22,"column":4},"end":{"line":22,"column":72}},{"start":{},"end":{}}],"line":22},"2":{"loc":{"start":{"line":40,"column":2},"end":{"line":42,"column":3}},"type":"if","locations":[{"start":{"line":40,"column":2},"end":{"line":42,"column":3}},{"start":{},"end":{}}],"line":40},"3":{"loc":{"start":{"line":46,"column":4},"end":{"line":46,"column":72}},"type":"if","locations":[{"start":{"line":46,"column":4},"end":{"line":46,"column":72}},{"start":{},"end":{}}],"line":46},"4":{"loc":{"start":{"line":56,"column":4},"end":{"line":56,"column":72}},"type":"if","locations":[{"start":{"line":56,"column":4},"end":{"line":56,"column":72}},{"start":{},"end":{}}],"line":56}},"s":{"0":1,"1":5,"2":5,"3":2,"4":3,"5":3,"6":2,"7":1,"8":1,"9":3,"10":3,"11":2,"12":1,"13":1,"14":1,"15":1,"16":2,"17":2,"18":1,"19":1,"20":1,"21":4,"22":4,"23":1,"24":3,"25":3,"26":2,"27":1,"28":1,"29":1,"30":1,"31":3,"32":3,"33":2,"34":1,"35":1,"36":1},"f":{"0":5,"1":3,"2":2,"3":4,"4":3},"b":{"0":[2,3],"1":[1,1],"2":[1,3],"3":[1,1],"4":[1,1]},"inputSourceMap":null,"_coverageSchema":"1a1c01bbd47fc00a2c39e90264f33305004495a9","hash":"58e4c61c2f76d9b9e764c80ca0a13139c4b8d68a"}
,"C:\\Users\\Aji\\Documents\\ITV Technical\\ITV Hubbedin\\birthday-reminder-service\\src\\models\\user.models.js": {"path":"C:\\Users\\Aji\\Documents\\ITV Technical\\ITV Hubbedin\\birthday-reminder-service\\src\\models\\user.models.js","statementMap":{"0":{"start":{"line":3,"column":19},"end":{"line":8,"column":2}}},"fnMap":{},"branchMap":{},"s":{"0":3},"f":{},"b":{},"inputSourceMap":null,"_coverageSchema":"1a1c01bbd47fc00a2c39e90264f33305004495a9","hash":"04b8d4cf525a83515d2f7b6ea8ba53c909530238"}
,"C:\\Users\\Aji\\Documents\\ITV Technical\\ITV Hubbedin\\birthday-reminder-service\\src\\routes\\user.routes.js": {"path":"C:\\Users\\Aji\\Documents\\ITV Technical\\ITV Hubbedin\\birthday-reminder-service\\src\\routes\\user.routes.js","statementMap":{"0":{"start":{"line":4,"column":15},"end":{"line":4,"column":31}},"1":{"start":{"line":5,"column":0},"end":{"line":5,"column":29}},"2":{"start":{"line":6,"column":0},"end":{"line":6,"column":28}},"3":{"start":{"line":7,"column":0},"end":{"line":7,"column":28}},"4":{"start":{"line":8,"column":0},"end":{"line":8,"column":31}},"5":{"start":{"line":9,"column":0},"end":{"line":9,"column":34}}},"fnMap":{},"branchMap":{},"s":{"0":1,"1":1,"2":1,"3":1,"4":1,"5":1},"f":{},"b":{},"inputSourceMap":null,"_coverageSchema":"1a1c01bbd47fc00a2c39e90264f33305004495a9","hash":"917ffcd6fa6f1c9b7e2e312e8e5cb4acd2f15570"}
,"C:\\Users\\Aji\\Documents\\ITV Technical\\ITV Hubbedin\\birthday-reminder-service\\src\\validators\\userValidator.js": {"path":"C:\\Users\\Aji\\Documents\\ITV Technical\\ITV Hubbedin\\birthday-reminder-service\\src\\validators\\userValidator.js","statementMap":{"0":{"start":{"line":4,"column":33},"end":{"line":28,"column":1}},"1":{"start":{"line":5,"column":19},"end":{"line":5,"column":21}},"2":{"start":{"line":7,"column":4},"end":{"line":7,"column":76}},"3":{"start":{"line":7,"column":20},"end":{"line":7,"column":76}},"4":{"start":{"line":9,"column":4},"end":{"line":13,"column":5}},"5":{"start":{"line":10,"column":8},"end":{"line":10,"column":66}},"6":{"start":{"line":11,"column":11},"end":{"line":13,"column":5}},"7":{"start":{"line":12,"column":8},"end":{"line":12,"column":84}},"8":{"start":{"line":15,"column":4},"end":{"line":19,"column":5}},"9":{"start":{"line":16,"column":8},"end":{"line":16,"column":72}},"10":{"start":{"line":17,"column":11},"end":{"line":19,"column":5}},"11":{"start":{"line":18,"column":8},"end":{"line":18,"column":90}},"12":{"start":{"line":21,"column":4},"end":{"line":25,"column":5}},"13":{"start":{"line":22,"column":8},"end":{"line":22,"column":72}},"14":{"start":{"line":23,"column":11},"end":{"line":25,"column":5}},"15":{"start":{"line":24,"column":8},"end":{"line":24,"column":97}},"16":{"start":{"line":27,"column":4},"end":{"line":27,"column":18}},"17":{"start":{"line":30,"column":34},"end":{"line":46,"column":1}},"18":{"start":{"line":31,"column":19},"end":{"line":31,"column":21}},"19":{"start":{"line":33,"column":4},"end":{"line":35,"column":5}},"20":{"start":{"line":34,"column":8},"end":{"line":34,"column":84}},"21":{"start":{"line":37,"column":4},"end":{"line":39,"column":5}},"22":{"start":{"line":38,"column":8},"end":{"line":38,"column":90}},"23":{"start":{"line":41,"column":4},"end":{"line":43,"column":5}},"24":{"start":{"line":42,"column":8},"end":{"line":42,"column":97}},"25":{"start":{"line":45,"column":4},"end":{"line":45,"column":18}}},"fnMap":{"0":{"name":"(anonymous_0)","decl":{"start":{"line":4,"column":33},"end":{"line":4,"column":34}},"loc":{"start":{"line":4,"column":43},"end":{"line":28,"column":1}},"line":4},"1":{"name":"(anonymous_1)","decl":{"start":{"line":30,"column":34},"end":{"line":30,"column":35}},"loc":{"start":{"line":30,"column":44},"end":{"line":46,"column":1}},"line":30}},"branchMap":{"0":{"loc":{"start":{"line":7,"column":4},"end":{"line":7,"column":76}},"type":"if","locations":[{"start":{"line":7,"column":4},"end":{"line":7,"column":76}},{"start":{},"end":{}}],"line":7},"1":{"loc":{"start":{"line":9,"column":4},"end":{"line":13,"column":5}},"type":"if","locations":[{"start":{"line":9,"column":4},"end":{"line":13,"column":5}},{"start":{"line":11,"column":11},"end":{"line":13,"column":5}}],"line":9},"2":{"loc":{"start":{"line":11,"column":11},"end":{"line":13,"column":5}},"type":"if","locations":[{"start":{"line":11,"column":11},"end":{"line":13,"column":5}},{"start":{},"end":{}}],"line":11},"3":{"loc":{"start":{"line":15,"column":4},"end":{"line":19,"column":5}},"type":"if","locations":[{"start":{"line":15,"column":4},"end":{"line":19,"column":5}},{"start":{"line":17,"column":11},"end":{"line":19,"column":5}}],"line":15},"4":{"loc":{"start":{"line":17,"column":11},"end":{"line":19,"column":5}},"type":"if","locations":[{"start":{"line":17,"column":11},"end":{"line":19,"column":5}},{"start":{},"end":{}}],"line":17},"5":{"loc":{"start":{"line":21,"column":4},"end":{"line":25,"column":5}},"type":"if","locations":[{"start":{"line":21,"column":4},"end":{"line":25,"column":5}},{"start":{"line":23,"column":11},"end":{"line":25,"column":5}}],"line":21},"6":{"loc":{"start":{"line":23,"column":11},"end":{"line":25,"column":5}},"type":"if","locations":[{"start":{"line":23,"column":11},"end":{"line":25,"column":5}},{"start":{},"end":{}}],"line":23},"7":{"loc":{"start":{"line":33,"column":4},"end":{"line":35,"column":5}},"type":"if","locations":[{"start":{"line":33,"column":4},"end":{"line":35,"column":5}},{"start":{},"end":{}}],"line":33},"8":{"loc":{"start":{"line":33,"column":8},"end":{"line":33,"column":56}},"type":"binary-expr","locations":[{"start":{"line":33,"column":8},"end":{"line":33,"column":18}},{"start":{"line":33,"column":22},"end":{"line":33,"column":56}}],"line":33},"9":{"loc":{"start":{"line":37,"column":4},"end":{"line":39,"column":5}},"type":"if","locations":[{"start":{"line":37,"column":4},"end":{"line":39,"column":5}},{"start":{},"end":{}}],"line":37},"10":{"loc":{"start":{"line":37,"column":8},"end":{"line":37,"column":57}},"type":"binary-expr","locations":[{"start":{"line":37,"column":8},"end":{"line":37,"column":21}},{"start":{"line":37,"column":25},"end":{"line":37,"column":57}}],"line":37},"11":{"loc":{"start":{"line":41,"column":4},"end":{"line":43,"column":5}},"type":"if","locations":[{"start":{"line":41,"column":4},"end":{"line":43,"column":5}},{"start":{},"end":{}}],"line":41},"12":{"loc":{"start":{"line":41,"column":8},"end":{"line":41,"column":61}},"type":"binary-expr","locations":[{"start":{"line":41,"column":8},"end":{"line":41,"column":21}},{"start":{"line":41,"column":25},"end":{"line":41,"column":61}}],"line":41}},"s":{"0":2,"1":13,"2":13,"3":2,"4":13,"5":3,"6":10,"7":1,"8":13,"9":3,"10":10,"11":1,"12":13,"13":3,"14":10,"15":2,"16":13,"17":2,"18":11,"19":11,"20":3,"21":11,"22":2,"23":11,"24":2,"25":11},"f":{"0":13,"1":11},"b":{"0":[2,11],"1":[3,10],"2":[1,9],"3":[3,10],"4":[1,9],"5":[3,10],"6":[2,8],"7":[3,8],"8":[11,6],"9":[2,9],"10":[11,3],"11":[2,9],"12":[11,3]},"inputSourceMap":null,"_coverageSchema":"1a1c01bbd47fc00a2c39e90264f33305004495a9","hash":"10defd2965705d2223ec5a115b33d25a2aa66d72"}
,"C:\\Users\\Aji\\Documents\\ITV Technical\\ITV Hubbedin\\birthday-reminder-service\\src\\worker\\birthdayWorker.js": {"path":"C:\\Users\\Aji\\Documents\\ITV Technical\\ITV Hubbedin\\birthday-reminder-service\\src\\worker\\birthdayWorker.js","statementMap":{"0":{"start":{"line":5,"column":28},"end":{"line":22,"column":1}},"1":{"start":{"line":6,"column":2},"end":{"line":21,"column":5}},"2":{"start":{"line":7,"column":16},"end":{"line":7,"column":30}},"3":{"start":{"line":8,"column":18},"end":{"line":8,"column":35}},"4":{"start":{"line":10,"column":4},"end":{"line":20,"column":7}},"5":{"start":{"line":11,"column":20},"end":{"line":11,"column":46}},"6":{"start":{"line":12,"column":23},"end":{"line":12,"column":80}},"7":{"start":{"line":13,"column":6},"end":{"line":19,"column":7}},"8":{"start":{"line":18,"column":8},"end":{"line":18,"column":72}}},"fnMap":{"0":{"name":"(anonymous_0)","decl":{"start":{"line":5,"column":28},"end":{"line":5,"column":29}},"loc":{"start":{"line":5,"column":34},"end":{"line":22,"column":1}},"line":5},"1":{"name":"(anonymous_1)","decl":{"start":{"line":6,"column":29},"end":{"line":6,"column":30}},"loc":{"start":{"line":6,"column":41},"end":{"line":21,"column":3}},"line":6},"2":{"name":"(anonymous_2)","decl":{"start":{"line":10,"column":18},"end":{"line":10,"column":19}},"loc":{"start":{"line":10,"column":26},"end":{"line":20,"column":5}},"line":10}},"branchMap":{"0":{"loc":{"start":{"line":13,"column":6},"end":{"line":19,"column":7}},"type":"if","locations":[{"start":{"line":13,"column":6},"end":{"line":19,"column":7}},{"start":{},"end":{}}],"line":13},"1":{"loc":{"start":{"line":14,"column":8},"end":{"line":16,"column":34}},"type":"binary-expr","locations":[{"start":{"line":14,"column":8},"end":{"line":14,"column":24}},{"start":{"line":15,"column":8},"end":{"line":15,"column":38}},{"start":{"line":16,"column":8},"end":{"line":16,"column":34}}],"line":14}},"s":{"0":1,"1":2,"2":2,"3":2,"4":2,"5":2,"6":2,"7":2,"8":1},"f":{"0":2,"1":2,"2":2},"b":{"0":[1,1],"1":[2,2,1]},"inputSourceMap":null,"_coverageSchema":"1a1c01bbd47fc00a2c39e90264f33305004495a9","hash":"643eb9a81a9a4f48817d0c311730cfcd97bd6258"}
}
