TN:
SF:src\app.js
FNF:0
FNH:0
DA:5,1
DA:7,1
DA:10,1
DA:13,1
LF:4
LH:4
BRF:0
BRH:0
end_of_record
TN:
SF:src\controllers\user.controller.js
FN:4,(anonymous_0)
FN:19,(anonymous_1)
FN:29,(anonymous_2)
FN:38,(anonymous_3)
FN:53,(anonymous_4)
FNF:5
FNH:5
FNDA:5,(anonymous_0)
FNDA:3,(anonymous_1)
FNDA:2,(anonymous_2)
FNDA:4,(anonymous_3)
FNDA:3,(anonymous_4)
DA:4,1
DA:5,5
DA:6,5
DA:7,2
DA:10,3
DA:11,3
DA:12,2
DA:14,1
DA:19,1
DA:20,3
DA:21,3
DA:22,2
DA:23,1
DA:25,1
DA:29,1
DA:30,2
DA:31,2
DA:32,1
DA:34,1
DA:38,1
DA:39,4
DA:40,4
DA:41,1
DA:44,3
DA:45,3
DA:46,2
DA:47,1
DA:49,1
DA:53,1
DA:54,3
DA:55,3
DA:56,2
DA:57,1
DA:59,1
LF:34
LH:34
BRDA:6,0,0,2
BRDA:6,0,1,3
BRDA:22,1,0,1
BRDA:22,1,1,1
BRDA:40,2,0,1
BRDA:40,2,1,3
BRDA:46,3,0,1
BRDA:46,3,1,1
BRDA:56,4,0,1
BRDA:56,4,1,1
BRF:10
BRH:10
end_of_record
TN:
SF:src\models\user.models.js
FNF:0
FNH:0
DA:3,3
LF:1
LH:1
BRF:0
BRH:0
end_of_record
TN:
SF:src\routes\user.routes.js
FNF:0
FNH:0
DA:4,1
DA:5,1
DA:6,1
DA:7,1
DA:8,1
DA:9,1
LF:6
LH:6
BRF:0
BRH:0
end_of_record
TN:
SF:src\validators\userValidator.js
FN:4,(anonymous_0)
FN:30,(anonymous_1)
FNF:2
FNH:2
FNDA:13,(anonymous_0)
FNDA:11,(anonymous_1)
DA:4,2
DA:5,13
DA:7,13
DA:9,13
DA:10,3
DA:11,10
DA:12,1
DA:15,13
DA:16,3
DA:17,10
DA:18,1
DA:21,13
DA:22,3
DA:23,10
DA:24,2
DA:27,13
DA:30,2
DA:31,11
DA:33,11
DA:34,3
DA:37,11
DA:38,2
DA:41,11
DA:42,2
DA:45,11
LF:25
LH:25
BRDA:7,0,0,2
BRDA:7,0,1,11
BRDA:9,1,0,3
BRDA:9,1,1,10
BRDA:11,2,0,1
BRDA:11,2,1,9
BRDA:15,3,0,3
BRDA:15,3,1,10
BRDA:17,4,0,1
BRDA:17,4,1,9
BRDA:21,5,0,3
BRDA:21,5,1,10
BRDA:23,6,0,2
BRDA:23,6,1,8
BRDA:33,7,0,3
BRDA:33,7,1,8
BRDA:33,8,0,11
BRDA:33,8,1,6
BRDA:37,9,0,2
BRDA:37,9,1,9
BRDA:37,10,0,11
BRDA:37,10,1,3
BRDA:41,11,0,2
BRDA:41,11,1,9
BRDA:41,12,0,11
BRDA:41,12,1,3
BRF:26
BRH:26
end_of_record
TN:
SF:src\worker\birthdayWorker.js
FN:5,(anonymous_0)
FN:6,(anonymous_1)
FN:10,(anonymous_2)
FNF:3
FNH:3
FNDA:2,(anonymous_0)
FNDA:2,(anonymous_1)
FNDA:2,(anonymous_2)
DA:5,1
DA:6,2
DA:7,2
DA:8,2
DA:10,2
DA:11,2
DA:12,2
DA:13,2
DA:18,1
LF:9
LH:9
BRDA:13,0,0,1
BRDA:13,0,1,1
BRDA:14,1,0,2
BRDA:14,1,1,2
BRDA:14,1,2,1
BRF:5
BRH:5
end_of_record
